# JRE version: OpenJDK Runtime Environment (11.0.2+9) (build 11.0.2+9)
# Java VM: OpenJDK 64-Bit Server VM (11.0.2+9, interpreted mode, compressed oops, g1 gc, windows-amd64)
Heap:
 garbage-first heap   total 262144K, used 32190K [0x00000006c1e00000, 0x00000007c0000000)
  region size 1024K, 26 young (26624K), 9 survivors (9216K)
 Metaspace       used 63242K, capacity 63643K, committed 63904K, reserved 1105920K
  class space    used 8005K, capacity 8145K, committed 8180K, reserved 1048576K
GC Heap History (10 events):
Event: 55.728 GC heap before
{Heap before GC invocations=1 (full 0):
 garbage-first heap   total 262144K, used 40863K [0x00000006c1e00000, 0x00000007c0000000)
  region size 1024K, 37 young (37888K), 3 survivors (3072K)
 Metaspace       used 21028K, capacity 21200K, committed 21248K, reserved 1069056K
  class space    used 2274K, capacity 2292K, committed 2304K, reserved 1048576K
}
Event: 55.731 GC heap after
{Heap after GC invocations=2 (full 0):
 garbage-first heap   total 262144K, used 7989K [0x00000006c1e00000, 0x00000007c0000000)
  region size 1024K, 4 young (4096K), 4 survivors (4096K)
 Metaspace       used 21028K, capacity 21200K, committed 21248K, reserved 1069056K
  class space    used 2274K, capacity 2292K, committed 2304K, reserved 1048576K
}
Event: 93.722 GC heap before
{Heap before GC invocations=3 (full 0):
 garbage-first heap   total 262144K, used 49973K [0x00000006c1e00000, 0x00000007c0000000)
  region size 1024K, 45 young (46080K), 4 survivors (4096K)
 Metaspace       used 27834K, capacity 28187K, committed 28544K, reserved 1075200K
  class space    used 3226K, capacity 3345K, committed 3456K, reserved 1048576K
}
Event: 93.726 GC heap after
{Heap after GC invocations=4 (full 0):
 garbage-first heap   total 262144K, used 10288K [0x00000006c1e00000, 0x00000007c0000000)
  region size 1024K, 3 young (3072K), 3 survivors (3072K)
 Metaspace       used 27834K, capacity 28187K, committed 28544K, reserved 1075200K
  class space    used 3226K, capacity 3345K, committed 3456K, reserved 1048576K
}
Event: 151.789 GC heap before
{Heap before GC invocations=4 (full 0):
 garbage-first heap   total 262144K, used 68656K [0x00000006c1e00000, 0x00000007c0000000)
  region size 1024K, 61 young (62464K), 3 survivors (3072K)
 Metaspace       used 35248K, capacity 35483K, committed 35628K, reserved 1081344K
  class space    used 4312K, capacity 4433K, committed 4480K, reserved 1048576K
}
Event: 151.794 GC heap after
{Heap after GC invocations=5 (full 0):
 garbage-first heap   total 262144K, used 11915K [0x00000006c1e00000, 0x00000007c0000000)
  region size 1024K, 5 young (5120K), 5 survivors (5120K)
 Metaspace       used 35248K, capacity 35483K, committed 35628K, reserved 1081344K
  class space    used 4312K, capacity 4433K, committed 4480K, reserved 1048576K
}
Event: 224.703 GC heap before
{Heap before GC invocations=6 (full 0):
 garbage-first heap   total 262144K, used 106123K [0x00000006c1e00000, 0x00000007c0000000)
  region size 1024K, 97 young (99328K), 5 survivors (5120K)
 Metaspace       used 51573K, capacity 51867K, committed 52012K, reserved 1095680K
  class space    used 6344K, capacity 6481K, committed 6528K, reserved 1048576K
}
Event: 224.709 GC heap after
{Heap after GC invocations=7 (full 0):
 garbage-first heap   total 262144K, used 14563K [0x00000006c1e00000, 0x00000007c0000000)
  region size 1024K, 7 young (7168K), 7 survivors (7168K)
 Metaspace       used 51573K, capacity 51867K, committed 52012K, reserved 1095680K
  class space    used 6344K, capacity 6481K, committed 6528K, reserved 1048576K
}
Event: 281.257 GC heap before
{Heap before GC invocations=7 (full 0):
 garbage-first heap   total 262144K, used 71907K [0x00000006c1e00000, 0x00000007c0000000)
  region size 1024K, 64 young (65536K), 7 survivors (7168K)
 Metaspace       used 59302K, capacity 59611K, committed 59808K, reserved 1101824K
  class space    used 7436K, capacity 7569K, committed 7668K, reserved 1048576K
}
Event: 281.265 GC heap after
{Heap after GC invocations=8 (full 0):
 garbage-first heap   total 262144K, used 15806K [0x00000006c1e00000, 0x00000007c0000000)
  region size 1024K, 9 young (9216K), 9 survivors (9216K)
 Metaspace       used 59302K, capacity 59611K, committed 59808K, reserved 1101824K
  class space    used 7436K, capacity 7569K, committed 7668K, reserved 1048576K
}

